<!DOCTYPE html PUBLIC "-//W3C//DTD XHTML 1.1//EN" "https://www.w3.org/TR/xhtml11/DTD/xhtml11.dtd">
<html xmlns="https://www.w3.org/1999/xhtml">
<head>
<meta charset='utf-8'>
<title>TestNG Report</title>
<style type="text/css">
table {margin-bottom:10px;border-collapse:collapse;empty-cells:show}
td,th {border:1px solid #009;padding:.25em .5em}
.result th {vertical-align:bottom}
.param th {padding-left:1em;padding-right:1em}
.param td {padding-left:.5em;padding-right:2em}
.stripe td,.stripe th {background-color: #E6EBF9}
.numi,.numi_attn {text-align:right}
.total td {font-weight:bold}
.passedodd td {background-color: #0A0}
.passedeven td {background-color: #3F3}
.skippedodd td {background-color: #CCC}
.skippedodd td {background-color: #DDD}
.failedodd td,.numi_attn {background-color: #F33}
.failedeven td,.stripe .numi_attn {background-color: #D00}
.stacktrace {white-space:pre;font-family:monospace}
.totop {font-size:85%;text-align:center;border-bottom:2px solid #000}
</style>
</head>
<body>
<table cellspacing="0" cellpadding="0" class="testOverview">
<tr><th>Test</th><th>Methods<br/>Passed</th><th>Scenarios<br/>Passed</th><th># skipped</th><th># failed</th><th>Total<br/>Time</th><th>Included<br/>Groups</th><th>Excluded<br/>Groups</th></tr>
<tr><td style="text-align:left;padding-right:2em"><a href="#t1">orangehrm Tests</a></td><td class="numi">4</td><td class="numi">4</td><td class="numi">0</td><td class="numi_attn">2</td><td class="numi">59.9 seconds</td><td class="numi"></td><td class="numi"></td></tr>
</table>
<table cellspacing="0" cellpadding="0" class="methodOverview" id="summary">
<tr><th>Class</th><th>Method</th><th># of<br/>Scenarios</th><th>Start</th><th>Time<br/>(ms)</th></tr>
<tr id="t1"><th colspan="5">orangehrm Tests &#8212; failed</th></tr>
<tr class="failedodd"><td rowspan="2">com.test.orangehrm.pages.tests.LoginTest</td><td><a href="#m1"><b>validateLoginNegative2</b>  </a></td><td class="numi">1</td><td>1646277392628</td><td class="numi">489</td></tr><tr class="failedodd"><td><a href="#m2"><b>validateLoginNegative1</b>  </a></td><td class="numi">1</td><td>1646277381458</td><td class="numi">7518</td></tr>
<tr><th colspan="5">orangehrm Tests &#8212; passed</th></tr>
<tr class="passedodd"><td>com.test.orangehrm.pages.tests.LoginTest</td><td><a href="#m3"><b>validateLoginPositive</b>  </a></td><td class="numi">1</td><td>1646277396604</td><td class="numi">3463</td></tr>
<tr class="passedeven"><td>com.test.orangehrm.pages.tests.PimTest</td><td><a href="#m4"><b>validatePersonalDetails</b>  </a></td><td class="numi">1</td><td>1646277418228</td><td class="numi">8166</td></tr>
<tr class="passedodd"><td>com.test.orangehrm.pages.tests.AdminTest</td><td><a href="#m5"><b>validateTheCreationOfEmployeeMessage</b>  </a></td><td class="numi">1</td><td>1646277403416</td><td class="numi">11776</td></tr>
<tr class="passedeven"><td>com.test.orangehrm.pages.tests.PimTest</td><td><a href="#m6"><b>validatePimPage</b>  </a></td><td class="numi">1</td><td>1646277429370</td><td class="numi">6452</td></tr>
</table>
<h1>orangehrm Tests</h1>
<h2 id="m1">com.test.orangehrm.pages.tests.LoginTest:validateLoginNegative1</h2>
<div>
<div class="stacktrace">org.openqa.selenium.NoSuchElementException: no such element: Unable to locate element: {&quot;method&quot;:&quot;css selector&quot;,&quot;selector&quot;:&quot;#spanMessage&quot;}
  (Session info: chrome=98.0.4758.109)
For documentation on this error, please visit: https://selenium.dev/exceptions/#no_such_element
Build info: version: &apos;4.0.0&apos;, revision: &apos;3a21814679&apos;
System info: host: &apos;Milanas-MacBook-Pro.local&apos;, ip: &apos;fe80:0:0:0:41f:8bbf:c1e2:424d%en0&apos;, os.name: &apos;Mac OS X&apos;, os.arch: &apos;x86_64&apos;, os.version: &apos;12.0.1&apos;, java.version: &apos;17.0.1&apos;
Driver info: org.openqa.selenium.chrome.ChromeDriver
Command: [57d9be44dd34fbe65ecb08110e16c382, findElement {using=id, value=spanMessage}]
Capabilities {acceptInsecureCerts: false, browserName: chrome, browserVersion: 98.0.4758.109, chrome: {chromedriverVersion: 98.0.4758.102 (273bf7ac8c90..., userDataDir: /var/folders/_4/ls50g5q53ws...}, goog:chromeOptions: {debuggerAddress: localhost:49977}, javascriptEnabled: true, networkConnectionEnabled: false, pageLoadStrategy: normal, platform: MAC, platformName: MAC, proxy: Proxy(), se:cdp: ws://localhost:49977/devtoo..., se:cdpVersion: 98.0.4758.109, setWindowRect: true, strictFileInteractability: false, timeouts: {implicit: 0, pageLoad: 300000, script: 30000}, unhandledPromptBehavior: dismiss and notify, webauthn:extension:credBlob: true, webauthn:extension:largeBlob: true, webauthn:virtualAuthenticators: true}
Session ID: 57d9be44dd34fbe65ecb08110e16c382
	at org.openqa.selenium.remote.codec.w3c.W3CHttpResponseCodec.createException(W3CHttpResponseCodec.java:200)
	at org.openqa.selenium.remote.codec.w3c.W3CHttpResponseCodec.decode(W3CHttpResponseCodec.java:133)
	at org.openqa.selenium.remote.codec.w3c.W3CHttpResponseCodec.decode(W3CHttpResponseCodec.java:53)
	at org.openqa.selenium.remote.HttpCommandExecutor.execute(HttpCommandExecutor.java:184)
	at org.openqa.selenium.remote.service.DriverCommandExecutor.invokeExecute(DriverCommandExecutor.java:164)
	at org.openqa.selenium.remote.service.DriverCommandExecutor.execute(DriverCommandExecutor.java:139)
	at org.openqa.selenium.remote.RemoteWebDriver.execute(RemoteWebDriver.java:559)
	at org.openqa.selenium.remote.ElementLocation$ElementFinder$2.findElement(ElementLocation.java:162)
	at org.openqa.selenium.remote.ElementLocation.findElement(ElementLocation.java:60)
	at org.openqa.selenium.remote.RemoteWebDriver.findElement(RemoteWebDriver.java:383)
	at org.openqa.selenium.remote.RemoteWebDriver.findElement(RemoteWebDriver.java:375)
	at org.openqa.selenium.support.pagefactory.DefaultElementLocator.findElement(DefaultElementLocator.java:70)
	at org.openqa.selenium.support.pagefactory.internal.LocatingElementHandler.invoke(LocatingElementHandler.java:39)
	at jdk.proxy2/jdk.proxy2.$Proxy15.getText(Unknown Source)
	at Utils.Browserutils.getTextMethod(Browserutils.java:33)
	at com.test.orangehrm.pages.LoginPage.geterrorMessage(LoginPage.java:35)
	at com.test.orangehrm.pages.tests.LoginTest.validateLoginNegative1(LoginTest.java:38)
	at java.base/java.util.ArrayList.forEach(ArrayList.java:1511)
	at com.intellij.rt.testng.IDEARemoteTestNG.run(IDEARemoteTestNG.java:66)
	at com.intellij.rt.testng.RemoteTestNGStarter.main(RemoteTestNGStarter.java:109)
... Removed 29 stack frames</div>
</div>
<p class="totop"><a href="#summary">back to summary</a></p>
<h2 id="m2">com.test.orangehrm.pages.tests.LoginTest:validateLoginNegative2</h2>
<div>
<div class="stacktrace">java.lang.AssertionError: expected [Username can be empty] but found [Username cannot be empty]
	at com.test.orangehrm.pages.tests.LoginTest.validateLoginNegative2(LoginTest.java:53)
	at java.base/java.util.ArrayList.forEach(ArrayList.java:1511)
	at com.intellij.rt.testng.IDEARemoteTestNG.run(IDEARemoteTestNG.java:66)
	at com.intellij.rt.testng.RemoteTestNGStarter.main(RemoteTestNGStarter.java:109)
... Removed 30 stack frames</div>
</div>
<p class="totop"><a href="#summary">back to summary</a></p>
<h2 id="m3">com.test.orangehrm.pages.tests.LoginTest:validateLoginPositive</h2>
<p class="totop"><a href="#summary">back to summary</a></p>
<h2 id="m4">com.test.orangehrm.pages.tests.PimTest:validatePersonalDetails</h2>
<p class="totop"><a href="#summary">back to summary</a></p>
<h2 id="m5">com.test.orangehrm.pages.tests.PimTest:validatePimPage</h2>
<p class="totop"><a href="#summary">back to summary</a></p>
<h2 id="m6">com.test.orangehrm.pages.tests.AdminTest:validateTheCreationOfEmployeeMessage</h2>
<p class="totop"><a href="#summary">back to summary</a></p>
</body></html>
